{"C:\\Users\\Anisha\\OneDrive\\Desktop\\test\\Code-Collab\\backend\\endpoints.js": {"path":"C:\\Users\\Anisha\\OneDrive\\Desktop\\test\\Code-Collab\\backend\\endpoints.js","statementMap":{"0":{"start":{"line":1,"column":16},"end":{"line":1,"column":34}},"1":{"start":{"line":2,"column":15},"end":{"line":2,"column":31}},"2":{"start":{"line":3,"column":20},"end":{"line":3,"column":51}},"3":{"start":{"line":4,"column":22},"end":{"line":4,"column":55}},"4":{"start":{"line":5,"column":18},"end":{"line":5,"column":42}},"5":{"start":{"line":6,"column":19},"end":{"line":6,"column":40}},"6":{"start":{"line":8,"column":18},"end":{"line":14,"column":2}},"7":{"start":{"line":16,"column":0},"end":{"line":16,"column":31}},"8":{"start":{"line":19,"column":0},"end":{"line":36,"column":3}},"9":{"start":{"line":20,"column":2},"end":{"line":35,"column":3}},"10":{"start":{"line":21,"column":23},"end":{"line":21,"column":31}},"11":{"start":{"line":24,"column":17},"end":{"line":24,"column":56}},"12":{"start":{"line":26,"column":4},"end":{"line":28,"column":5}},"13":{"start":{"line":27,"column":6},"end":{"line":27,"column":63}},"14":{"start":{"line":31,"column":4},"end":{"line":31,"column":43}},"15":{"start":{"line":33,"column":4},"end":{"line":33,"column":23}},"16":{"start":{"line":34,"column":4},"end":{"line":34,"column":61}},"17":{"start":{"line":39,"column":0},"end":{"line":53,"column":3}},"18":{"start":{"line":40,"column":21},"end":{"line":40,"column":29}},"19":{"start":{"line":42,"column":2},"end":{"line":52,"column":3}},"20":{"start":{"line":43,"column":20},"end":{"line":43,"column":57}},"21":{"start":{"line":44,"column":4},"end":{"line":48,"column":5}},"22":{"start":{"line":45,"column":6},"end":{"line":45,"column":39}},"23":{"start":{"line":47,"column":6},"end":{"line":47,"column":79}},"24":{"start":{"line":50,"column":4},"end":{"line":50,"column":65}},"25":{"start":{"line":51,"column":4},"end":{"line":51,"column":61}},"26":{"start":{"line":62,"column":0},"end":{"line":86,"column":3}},"27":{"start":{"line":63,"column":21},"end":{"line":63,"column":29}},"28":{"start":{"line":66,"column":2},"end":{"line":85,"column":3}},"29":{"start":{"line":67,"column":17},"end":{"line":67,"column":56}},"30":{"start":{"line":68,"column":4},"end":{"line":70,"column":5}},"31":{"start":{"line":69,"column":6},"end":{"line":69,"column":65}},"32":{"start":{"line":71,"column":4},"end":{"line":73,"column":5}},"33":{"start":{"line":72,"column":6},"end":{"line":72,"column":55}},"34":{"start":{"line":75,"column":31},"end":{"line":75,"column":77}},"35":{"start":{"line":77,"column":4},"end":{"line":79,"column":5}},"36":{"start":{"line":78,"column":6},"end":{"line":78,"column":78}},"37":{"start":{"line":81,"column":4},"end":{"line":81,"column":77}},"38":{"start":{"line":83,"column":4},"end":{"line":83,"column":64}},"39":{"start":{"line":84,"column":4},"end":{"line":84,"column":68}},"40":{"start":{"line":87,"column":0},"end":{"line":116,"column":3}},"41":{"start":{"line":88,"column":2},"end":{"line":115,"column":3}},"42":{"start":{"line":89,"column":37},"end":{"line":89,"column":45}},"43":{"start":{"line":90,"column":4},"end":{"line":90,"column":23}},"44":{"start":{"line":91,"column":22},"end":{"line":96,"column":5}},"45":{"start":{"line":98,"column":15},"end":{"line":98,"column":54}},"46":{"start":{"line":99,"column":23},"end":{"line":104,"column":5}},"47":{"start":{"line":106,"column":16},"end":{"line":106,"column":56}},"48":{"start":{"line":107,"column":4},"end":{"line":107,"column":48}},"49":{"start":{"line":108,"column":4},"end":{"line":108,"column":49}},"50":{"start":{"line":109,"column":4},"end":{"line":109,"column":56}},"51":{"start":{"line":111,"column":4},"end":{"line":111,"column":35}},"52":{"start":{"line":112,"column":4},"end":{"line":114,"column":68}},"53":{"start":{"line":118,"column":0},"end":{"line":118,"column":24}}},"fnMap":{"0":{"name":"(anonymous_0)","decl":{"start":{"line":19,"column":37},"end":{"line":19,"column":38}},"loc":{"start":{"line":19,"column":57},"end":{"line":36,"column":1}},"line":19},"1":{"name":"(anonymous_1)","decl":{"start":{"line":39,"column":28},"end":{"line":39,"column":29}},"loc":{"start":{"line":39,"column":48},"end":{"line":53,"column":1}},"line":39},"2":{"name":"(anonymous_2)","decl":{"start":{"line":62,"column":29},"end":{"line":62,"column":30}},"loc":{"start":{"line":62,"column":49},"end":{"line":86,"column":1}},"line":62},"3":{"name":"(anonymous_3)","decl":{"start":{"line":87,"column":21},"end":{"line":87,"column":22}},"loc":{"start":{"line":87,"column":41},"end":{"line":116,"column":1}},"line":87}},"branchMap":{"0":{"loc":{"start":{"line":26,"column":4},"end":{"line":28,"column":5}},"type":"if","locations":[{"start":{"line":26,"column":4},"end":{"line":28,"column":5}},{"start":{},"end":{}}],"line":26},"1":{"loc":{"start":{"line":44,"column":4},"end":{"line":48,"column":5}},"type":"if","locations":[{"start":{"line":44,"column":4},"end":{"line":48,"column":5}},{"start":{"line":46,"column":11},"end":{"line":48,"column":5}}],"line":44},"2":{"loc":{"start":{"line":68,"column":4},"end":{"line":70,"column":5}},"type":"if","locations":[{"start":{"line":68,"column":4},"end":{"line":70,"column":5}},{"start":{},"end":{}}],"line":68},"3":{"loc":{"start":{"line":71,"column":4},"end":{"line":73,"column":5}},"type":"if","locations":[{"start":{"line":71,"column":4},"end":{"line":73,"column":5}},{"start":{},"end":{}}],"line":71},"4":{"loc":{"start":{"line":77,"column":4},"end":{"line":79,"column":5}},"type":"if","locations":[{"start":{"line":77,"column":4},"end":{"line":79,"column":5}},{"start":{},"end":{}}],"line":77}},"s":{"0":1,"1":1,"2":1,"3":1,"4":1,"5":1,"6":1,"7":1,"8":1,"9":0,"10":0,"11":0,"12":0,"13":0,"14":0,"15":0,"16":0,"17":1,"18":2,"19":0,"20":0,"21":0,"22":0,"23":0,"24":0,"25":0,"26":1,"27":0,"28":0,"29":0,"30":0,"31":0,"32":0,"33":0,"34":0,"35":0,"36":0,"37":0,"38":0,"39":0,"40":1,"41":0,"42":0,"43":0,"44":0,"45":0,"46":0,"47":0,"48":0,"49":0,"50":0,"51":0,"52":0,"53":1},"f":{"0":0,"1":2,"2":0,"3":0},"b":{"0":[0,0],"1":[0,0],"2":[0,0],"3":[0,0],"4":[0,0]},"_coverageSchema":"1a1c01bbd47fc00a2c39e90264f33305004495a9","hash":"eb0bdda86690aa068226e1eb2f64c05f5974e653"}
,"C:\\Users\\Anisha\\OneDrive\\Desktop\\test\\Code-Collab\\backend\\models\\RoomCodeMap.js": {"path":"C:\\Users\\Anisha\\OneDrive\\Desktop\\test\\Code-Collab\\backend\\models\\RoomCodeMap.js","statementMap":{"0":{"start":{"line":1,"column":17},"end":{"line":1,"column":36}},"1":{"start":{"line":3,"column":26},"end":{"line":13,"column":2}},"2":{"start":{"line":15,"column":20},"end":{"line":15,"column":68}},"3":{"start":{"line":17,"column":0},"end":{"line":17,"column":28}}},"fnMap":{},"branchMap":{},"s":{"0":1,"1":1,"2":1,"3":1},"f":{},"b":{},"_coverageSchema":"1a1c01bbd47fc00a2c39e90264f33305004495a9","hash":"26e10a6427019ef4e4ccee4d6cad8f7444c074a6"}
,"C:\\Users\\Anisha\\OneDrive\\Desktop\\test\\Code-Collab\\backend\\models\\RoomUserCount.js": {"path":"C:\\Users\\Anisha\\OneDrive\\Desktop\\test\\Code-Collab\\backend\\models\\RoomUserCount.js","statementMap":{"0":{"start":{"line":3,"column":17},"end":{"line":3,"column":36}},"1":{"start":{"line":5,"column":28},"end":{"line":16,"column":2}},"2":{"start":{"line":18,"column":22},"end":{"line":18,"column":74}},"3":{"start":{"line":20,"column":0},"end":{"line":20,"column":30}}},"fnMap":{},"branchMap":{},"s":{"0":1,"1":1,"2":1,"3":1},"f":{},"b":{},"_coverageSchema":"1a1c01bbd47fc00a2c39e90264f33305004495a9","hash":"18075d0e68a7ff9acb406841552cf134aef85128"}
,"C:\\Users\\Anisha\\OneDrive\\Desktop\\test\\Code-Collab\\backend\\routes\\auth.js": {"path":"C:\\Users\\Anisha\\OneDrive\\Desktop\\test\\Code-Collab\\backend\\routes\\auth.js","statementMap":{"0":{"start":{"line":1,"column":15},"end":{"line":1,"column":42}},"1":{"start":{"line":2,"column":17},"end":{"line":2,"column":36}},"2":{"start":{"line":4,"column":0},"end":{"line":16,"column":2}},"3":{"start":{"line":7,"column":2},"end":{"line":15,"column":3}},"4":{"start":{"line":8,"column":4},"end":{"line":12,"column":6}},"5":{"start":{"line":14,"column":4},"end":{"line":14,"column":68}},"6":{"start":{"line":18,"column":0},"end":{"line":23,"column":2}},"7":{"start":{"line":19,"column":2},"end":{"line":22,"column":4}},"8":{"start":{"line":25,"column":0},"end":{"line":25,"column":76}},"9":{"start":{"line":26,"column":0},"end":{"line":30,"column":2}},"10":{"start":{"line":27,"column":2},"end":{"line":29,"column":4}},"11":{"start":{"line":31,"column":0},"end":{"line":37,"column":1}},"12":{"start":{"line":39,"column":0},"end":{"line":42,"column":2}},"13":{"start":{"line":40,"column":2},"end":{"line":40,"column":14}},"14":{"start":{"line":41,"column":2},"end":{"line":41,"column":38}},"15":{"start":{"line":44,"column":0},"end":{"line":44,"column":23}}},"fnMap":{"0":{"name":"(anonymous_0)","decl":{"start":{"line":4,"column":29},"end":{"line":4,"column":30}},"loc":{"start":{"line":4,"column":43},"end":{"line":16,"column":1}},"line":4},"1":{"name":"(anonymous_1)","decl":{"start":{"line":18,"column":28},"end":{"line":18,"column":29}},"loc":{"start":{"line":18,"column":42},"end":{"line":23,"column":1}},"line":18},"2":{"name":"(anonymous_2)","decl":{"start":{"line":26,"column":19},"end":{"line":26,"column":20}},"loc":{"start":{"line":26,"column":33},"end":{"line":30,"column":1}},"line":26},"3":{"name":"(anonymous_3)","decl":{"start":{"line":39,"column":22},"end":{"line":39,"column":23}},"loc":{"start":{"line":39,"column":36},"end":{"line":42,"column":1}},"line":39}},"branchMap":{"0":{"loc":{"start":{"line":7,"column":2},"end":{"line":15,"column":3}},"type":"if","locations":[{"start":{"line":7,"column":2},"end":{"line":15,"column":3}},{"start":{"line":13,"column":9},"end":{"line":15,"column":3}}],"line":7}},"s":{"0":1,"1":1,"2":1,"3":0,"4":0,"5":0,"6":1,"7":0,"8":1,"9":1,"10":0,"11":1,"12":1,"13":0,"14":0,"15":1},"f":{"0":0,"1":0,"2":0,"3":0},"b":{"0":[0,0]},"_coverageSchema":"1a1c01bbd47fc00a2c39e90264f33305004495a9","hash":"f1411228d0b13a40a3dc79062f5dcc7164ce461f"}
}
