{"C:\\Users\\Anisha\\OneDrive\\Desktop\\test\\Code-Collab\\backend\\endpoints.js": {"path":"C:\\Users\\Anisha\\OneDrive\\Desktop\\test\\Code-Collab\\backend\\endpoints.js","statementMap":{"0":{"start":{"line":1,"column":16},"end":{"line":1,"column":34}},"1":{"start":{"line":2,"column":15},"end":{"line":2,"column":31}},"2":{"start":{"line":3,"column":20},"end":{"line":3,"column":51}},"3":{"start":{"line":4,"column":22},"end":{"line":4,"column":55}},"4":{"start":{"line":5,"column":18},"end":{"line":5,"column":42}},"5":{"start":{"line":6,"column":19},"end":{"line":6,"column":40}},"6":{"start":{"line":8,"column":0},"end":{"line":8,"column":27}},"7":{"start":{"line":10,"column":18},"end":{"line":16,"column":2}},"8":{"start":{"line":18,"column":0},"end":{"line":18,"column":31}},"9":{"start":{"line":21,"column":0},"end":{"line":40,"column":3}},"10":{"start":{"line":22,"column":2},"end":{"line":39,"column":3}},"11":{"start":{"line":23,"column":23},"end":{"line":23,"column":31}},"12":{"start":{"line":24,"column":4},"end":{"line":26,"column":5}},"13":{"start":{"line":25,"column":6},"end":{"line":25,"column":68}},"14":{"start":{"line":28,"column":17},"end":{"line":28,"column":56}},"15":{"start":{"line":30,"column":4},"end":{"line":32,"column":5}},"16":{"start":{"line":31,"column":6},"end":{"line":31,"column":63}},"17":{"start":{"line":35,"column":4},"end":{"line":35,"column":43}},"18":{"start":{"line":37,"column":4},"end":{"line":37,"column":23}},"19":{"start":{"line":38,"column":4},"end":{"line":38,"column":61}},"20":{"start":{"line":43,"column":0},"end":{"line":60,"column":3}},"21":{"start":{"line":44,"column":21},"end":{"line":44,"column":29}},"22":{"start":{"line":45,"column":2},"end":{"line":47,"column":3}},"23":{"start":{"line":46,"column":4},"end":{"line":46,"column":66}},"24":{"start":{"line":49,"column":2},"end":{"line":59,"column":3}},"25":{"start":{"line":50,"column":20},"end":{"line":50,"column":57}},"26":{"start":{"line":51,"column":4},"end":{"line":55,"column":5}},"27":{"start":{"line":52,"column":6},"end":{"line":52,"column":39}},"28":{"start":{"line":54,"column":6},"end":{"line":54,"column":79}},"29":{"start":{"line":57,"column":4},"end":{"line":57,"column":65}},"30":{"start":{"line":58,"column":4},"end":{"line":58,"column":61}},"31":{"start":{"line":69,"column":0},"end":{"line":95,"column":3}},"32":{"start":{"line":70,"column":21},"end":{"line":70,"column":29}},"33":{"start":{"line":72,"column":2},"end":{"line":74,"column":3}},"34":{"start":{"line":73,"column":4},"end":{"line":73,"column":66}},"35":{"start":{"line":75,"column":2},"end":{"line":94,"column":3}},"36":{"start":{"line":76,"column":17},"end":{"line":76,"column":56}},"37":{"start":{"line":77,"column":4},"end":{"line":79,"column":5}},"38":{"start":{"line":78,"column":6},"end":{"line":78,"column":65}},"39":{"start":{"line":80,"column":4},"end":{"line":82,"column":5}},"40":{"start":{"line":81,"column":6},"end":{"line":81,"column":55}},"41":{"start":{"line":84,"column":31},"end":{"line":84,"column":77}},"42":{"start":{"line":86,"column":4},"end":{"line":88,"column":5}},"43":{"start":{"line":87,"column":6},"end":{"line":87,"column":78}},"44":{"start":{"line":90,"column":4},"end":{"line":90,"column":77}},"45":{"start":{"line":92,"column":4},"end":{"line":92,"column":64}},"46":{"start":{"line":93,"column":4},"end":{"line":93,"column":68}},"47":{"start":{"line":97,"column":0},"end":{"line":138,"column":3}},"48":{"start":{"line":99,"column":31},"end":{"line":99,"column":39}},"49":{"start":{"line":101,"column":2},"end":{"line":137,"column":3}},"50":{"start":{"line":103,"column":25},"end":{"line":103,"column":64}},"51":{"start":{"line":105,"column":4},"end":{"line":119,"column":5}},"52":{"start":{"line":107,"column":22},"end":{"line":112,"column":8}},"53":{"start":{"line":115,"column":6},"end":{"line":115,"column":27}},"54":{"start":{"line":118,"column":6},"end":{"line":118,"column":80}},"55":{"start":{"line":123,"column":25},"end":{"line":125,"column":5}},"56":{"start":{"line":124,"column":16},"end":{"line":124,"column":42}},"57":{"start":{"line":126,"column":4},"end":{"line":130,"column":5}},"58":{"start":{"line":128,"column":6},"end":{"line":128,"column":60}},"59":{"start":{"line":129,"column":6},"end":{"line":129,"column":32}},"60":{"start":{"line":133,"column":4},"end":{"line":133,"column":78}},"61":{"start":{"line":135,"column":4},"end":{"line":135,"column":53}},"62":{"start":{"line":136,"column":4},"end":{"line":136,"column":70}},"63":{"start":{"line":139,"column":0},"end":{"line":164,"column":3}},"64":{"start":{"line":140,"column":2},"end":{"line":140,"column":20}},"65":{"start":{"line":141,"column":21},"end":{"line":141,"column":29}},"66":{"start":{"line":143,"column":2},"end":{"line":163,"column":3}},"67":{"start":{"line":145,"column":24},"end":{"line":145,"column":63}},"68":{"start":{"line":147,"column":4},"end":{"line":149,"column":5}},"69":{"start":{"line":148,"column":6},"end":{"line":148,"column":63}},"70":{"start":{"line":152,"column":22},"end":{"line":155,"column":7}},"71":{"start":{"line":152,"column":55},"end":{"line":155,"column":5}},"72":{"start":{"line":156,"column":17},"end":{"line":156,"column":37}},"73":{"start":{"line":159,"column":4},"end":{"line":159,"column":60}},"74":{"start":{"line":161,"column":4},"end":{"line":161,"column":57}},"75":{"start":{"line":162,"column":4},"end":{"line":162,"column":68}},"76":{"start":{"line":166,"column":0},"end":{"line":198,"column":3}},"77":{"start":{"line":167,"column":2},"end":{"line":197,"column":3}},"78":{"start":{"line":168,"column":37},"end":{"line":168,"column":45}},"79":{"start":{"line":169,"column":4},"end":{"line":171,"column":5}},"80":{"start":{"line":170,"column":6},"end":{"line":170,"column":85}},"81":{"start":{"line":172,"column":4},"end":{"line":172,"column":23}},"82":{"start":{"line":173,"column":22},"end":{"line":178,"column":5}},"83":{"start":{"line":180,"column":15},"end":{"line":180,"column":54}},"84":{"start":{"line":181,"column":23},"end":{"line":186,"column":5}},"85":{"start":{"line":188,"column":16},"end":{"line":188,"column":56}},"86":{"start":{"line":189,"column":4},"end":{"line":189,"column":48}},"87":{"start":{"line":190,"column":4},"end":{"line":190,"column":49}},"88":{"start":{"line":191,"column":4},"end":{"line":191,"column":56}},"89":{"start":{"line":193,"column":4},"end":{"line":193,"column":35}},"90":{"start":{"line":194,"column":4},"end":{"line":196,"column":68}},"91":{"start":{"line":200,"column":0},"end":{"line":200,"column":24}}},"fnMap":{"0":{"name":"(anonymous_0)","decl":{"start":{"line":21,"column":37},"end":{"line":21,"column":38}},"loc":{"start":{"line":21,"column":57},"end":{"line":40,"column":1}},"line":21},"1":{"name":"(anonymous_1)","decl":{"start":{"line":43,"column":28},"end":{"line":43,"column":29}},"loc":{"start":{"line":43,"column":48},"end":{"line":60,"column":1}},"line":43},"2":{"name":"(anonymous_2)","decl":{"start":{"line":69,"column":29},"end":{"line":69,"column":30}},"loc":{"start":{"line":69,"column":49},"end":{"line":95,"column":1}},"line":69},"3":{"name":"(anonymous_3)","decl":{"start":{"line":97,"column":27},"end":{"line":97,"column":28}},"loc":{"start":{"line":97,"column":47},"end":{"line":138,"column":1}},"line":97},"4":{"name":"(anonymous_4)","decl":{"start":{"line":124,"column":6},"end":{"line":124,"column":7}},"loc":{"start":{"line":124,"column":16},"end":{"line":124,"column":42}},"line":124},"5":{"name":"(anonymous_5)","decl":{"start":{"line":139,"column":27},"end":{"line":139,"column":28}},"loc":{"start":{"line":139,"column":47},"end":{"line":164,"column":1}},"line":139},"6":{"name":"(anonymous_6)","decl":{"start":{"line":152,"column":44},"end":{"line":152,"column":45}},"loc":{"start":{"line":152,"column":55},"end":{"line":155,"column":5}},"line":152},"7":{"name":"(anonymous_7)","decl":{"start":{"line":166,"column":21},"end":{"line":166,"column":22}},"loc":{"start":{"line":166,"column":41},"end":{"line":198,"column":1}},"line":166}},"branchMap":{"0":{"loc":{"start":{"line":24,"column":4},"end":{"line":26,"column":5}},"type":"if","locations":[{"start":{"line":24,"column":4},"end":{"line":26,"column":5}},{"start":{},"end":{}}],"line":24},"1":{"loc":{"start":{"line":30,"column":4},"end":{"line":32,"column":5}},"type":"if","locations":[{"start":{"line":30,"column":4},"end":{"line":32,"column":5}},{"start":{},"end":{}}],"line":30},"2":{"loc":{"start":{"line":45,"column":2},"end":{"line":47,"column":3}},"type":"if","locations":[{"start":{"line":45,"column":2},"end":{"line":47,"column":3}},{"start":{},"end":{}}],"line":45},"3":{"loc":{"start":{"line":51,"column":4},"end":{"line":55,"column":5}},"type":"if","locations":[{"start":{"line":51,"column":4},"end":{"line":55,"column":5}},{"start":{"line":53,"column":11},"end":{"line":55,"column":5}}],"line":51},"4":{"loc":{"start":{"line":72,"column":2},"end":{"line":74,"column":3}},"type":"if","locations":[{"start":{"line":72,"column":2},"end":{"line":74,"column":3}},{"start":{},"end":{}}],"line":72},"5":{"loc":{"start":{"line":77,"column":4},"end":{"line":79,"column":5}},"type":"if","locations":[{"start":{"line":77,"column":4},"end":{"line":79,"column":5}},{"start":{},"end":{}}],"line":77},"6":{"loc":{"start":{"line":80,"column":4},"end":{"line":82,"column":5}},"type":"if","locations":[{"start":{"line":80,"column":4},"end":{"line":82,"column":5}},{"start":{},"end":{}}],"line":80},"7":{"loc":{"start":{"line":86,"column":4},"end":{"line":88,"column":5}},"type":"if","locations":[{"start":{"line":86,"column":4},"end":{"line":88,"column":5}},{"start":{},"end":{}}],"line":86},"8":{"loc":{"start":{"line":105,"column":4},"end":{"line":119,"column":5}},"type":"if","locations":[{"start":{"line":105,"column":4},"end":{"line":119,"column":5}},{"start":{},"end":{}}],"line":105},"9":{"loc":{"start":{"line":126,"column":4},"end":{"line":130,"column":5}},"type":"if","locations":[{"start":{"line":126,"column":4},"end":{"line":130,"column":5}},{"start":{},"end":{}}],"line":126},"10":{"loc":{"start":{"line":147,"column":4},"end":{"line":149,"column":5}},"type":"if","locations":[{"start":{"line":147,"column":4},"end":{"line":149,"column":5}},{"start":{},"end":{}}],"line":147},"11":{"loc":{"start":{"line":169,"column":4},"end":{"line":171,"column":5}},"type":"if","locations":[{"start":{"line":169,"column":4},"end":{"line":171,"column":5}},{"start":{},"end":{}}],"line":169},"12":{"loc":{"start":{"line":169,"column":7},"end":{"line":169,"column":34}},"type":"binary-expr","locations":[{"start":{"line":169,"column":7},"end":{"line":169,"column":12}},{"start":{"line":169,"column":16},"end":{"line":169,"column":22}},{"start":{"line":169,"column":26},"end":{"line":169,"column":34}}],"line":169}},"s":{"0":1,"1":1,"2":1,"3":1,"4":1,"5":1,"6":1,"7":1,"8":1,"9":1,"10":0,"11":0,"12":0,"13":0,"14":0,"15":0,"16":0,"17":0,"18":0,"19":0,"20":1,"21":3,"22":3,"23":0,"24":3,"25":3,"26":2,"27":1,"28":1,"29":1,"30":1,"31":1,"32":0,"33":0,"34":0,"35":0,"36":0,"37":0,"38":0,"39":0,"40":0,"41":0,"42":0,"43":0,"44":0,"45":0,"46":0,"47":1,"48":0,"49":0,"50":0,"51":0,"52":0,"53":0,"54":0,"55":0,"56":0,"57":0,"58":0,"59":0,"60":0,"61":0,"62":0,"63":1,"64":0,"65":0,"66":0,"67":0,"68":0,"69":0,"70":0,"71":0,"72":0,"73":0,"74":0,"75":0,"76":1,"77":0,"78":0,"79":0,"80":0,"81":0,"82":0,"83":0,"84":0,"85":0,"86":0,"87":0,"88":0,"89":0,"90":0,"91":1},"f":{"0":0,"1":3,"2":0,"3":0,"4":0,"5":0,"6":0,"7":0},"b":{"0":[0,0],"1":[0,0],"2":[0,3],"3":[1,1],"4":[0,0],"5":[0,0],"6":[0,0],"7":[0,0],"8":[0,0],"9":[0,0],"10":[0,0],"11":[0,0],"12":[0,0,0]},"_coverageSchema":"1a1c01bbd47fc00a2c39e90264f33305004495a9","hash":"2274e023b5602280b6d0410d836cdc23f3b65507"}
,"C:\\Users\\Anisha\\OneDrive\\Desktop\\test\\Code-Collab\\backend\\models\\RoomCodeMap.js": {"path":"C:\\Users\\Anisha\\OneDrive\\Desktop\\test\\Code-Collab\\backend\\models\\RoomCodeMap.js","statementMap":{"0":{"start":{"line":1,"column":17},"end":{"line":1,"column":36}},"1":{"start":{"line":3,"column":26},"end":{"line":13,"column":2}},"2":{"start":{"line":15,"column":20},"end":{"line":15,"column":68}},"3":{"start":{"line":17,"column":0},"end":{"line":17,"column":28}}},"fnMap":{},"branchMap":{},"s":{"0":1,"1":1,"2":1,"3":1},"f":{},"b":{},"_coverageSchema":"1a1c01bbd47fc00a2c39e90264f33305004495a9","hash":"26e10a6427019ef4e4ccee4d6cad8f7444c074a6"}
,"C:\\Users\\Anisha\\OneDrive\\Desktop\\test\\Code-Collab\\backend\\models\\RoomUserCount.js": {"path":"C:\\Users\\Anisha\\OneDrive\\Desktop\\test\\Code-Collab\\backend\\models\\RoomUserCount.js","statementMap":{"0":{"start":{"line":1,"column":17},"end":{"line":1,"column":36}},"1":{"start":{"line":3,"column":28},"end":{"line":30,"column":2}},"2":{"start":{"line":32,"column":22},"end":{"line":32,"column":74}},"3":{"start":{"line":34,"column":0},"end":{"line":34,"column":31}}},"fnMap":{},"branchMap":{},"s":{"0":1,"1":1,"2":1,"3":1},"f":{},"b":{},"_coverageSchema":"1a1c01bbd47fc00a2c39e90264f33305004495a9","hash":"ab3d11f00ddea078d174a01ded08c3fc556cbb2c"}
,"C:\\Users\\Anisha\\OneDrive\\Desktop\\test\\Code-Collab\\backend\\routes\\auth.js": {"path":"C:\\Users\\Anisha\\OneDrive\\Desktop\\test\\Code-Collab\\backend\\routes\\auth.js","statementMap":{"0":{"start":{"line":1,"column":15},"end":{"line":1,"column":42}},"1":{"start":{"line":2,"column":17},"end":{"line":2,"column":36}},"2":{"start":{"line":4,"column":0},"end":{"line":16,"column":2}},"3":{"start":{"line":7,"column":2},"end":{"line":15,"column":3}},"4":{"start":{"line":8,"column":4},"end":{"line":12,"column":6}},"5":{"start":{"line":14,"column":4},"end":{"line":14,"column":68}},"6":{"start":{"line":18,"column":0},"end":{"line":23,"column":2}},"7":{"start":{"line":19,"column":2},"end":{"line":22,"column":4}},"8":{"start":{"line":25,"column":0},"end":{"line":25,"column":76}},"9":{"start":{"line":26,"column":0},"end":{"line":30,"column":2}},"10":{"start":{"line":27,"column":2},"end":{"line":29,"column":4}},"11":{"start":{"line":31,"column":0},"end":{"line":37,"column":1}},"12":{"start":{"line":39,"column":0},"end":{"line":42,"column":2}},"13":{"start":{"line":40,"column":2},"end":{"line":40,"column":14}},"14":{"start":{"line":41,"column":2},"end":{"line":41,"column":38}},"15":{"start":{"line":44,"column":0},"end":{"line":44,"column":23}}},"fnMap":{"0":{"name":"(anonymous_0)","decl":{"start":{"line":4,"column":29},"end":{"line":4,"column":30}},"loc":{"start":{"line":4,"column":43},"end":{"line":16,"column":1}},"line":4},"1":{"name":"(anonymous_1)","decl":{"start":{"line":18,"column":28},"end":{"line":18,"column":29}},"loc":{"start":{"line":18,"column":42},"end":{"line":23,"column":1}},"line":18},"2":{"name":"(anonymous_2)","decl":{"start":{"line":26,"column":19},"end":{"line":26,"column":20}},"loc":{"start":{"line":26,"column":33},"end":{"line":30,"column":1}},"line":26},"3":{"name":"(anonymous_3)","decl":{"start":{"line":39,"column":22},"end":{"line":39,"column":23}},"loc":{"start":{"line":39,"column":36},"end":{"line":42,"column":1}},"line":39}},"branchMap":{"0":{"loc":{"start":{"line":7,"column":2},"end":{"line":15,"column":3}},"type":"if","locations":[{"start":{"line":7,"column":2},"end":{"line":15,"column":3}},{"start":{"line":13,"column":9},"end":{"line":15,"column":3}}],"line":7}},"s":{"0":1,"1":1,"2":1,"3":0,"4":0,"5":0,"6":1,"7":0,"8":1,"9":1,"10":0,"11":1,"12":1,"13":0,"14":0,"15":1},"f":{"0":0,"1":0,"2":0,"3":0},"b":{"0":[0,0]},"_coverageSchema":"1a1c01bbd47fc00a2c39e90264f33305004495a9","hash":"f1411228d0b13a40a3dc79062f5dcc7164ce461f"}
}
